#
# A fatal error has been detected by the Java Runtime Environment:
#
#  SIGBUS (0xa) at pc=0x00000001119e2563, pid=4200, tid=0x0000000000004a03
#
# JRE version: Java(TM) SE Runtime Environment (8.0_251-b08) (build 1.8.0_251-b08)
# Java VM: Java HotSpot(TM) 64-Bit Server VM (25.251-b08 mixed mode bsd-amd64 compressed oops)
# Problematic frame:
# V  [libjvm.dylib+0x1e2563]  ConstantPool::impl_name_and_type_ref_index_at(int, bool)+0x57
#
# Failed to write core dump. Core dumps have been disabled. To enable core dumping, try "ulimit -c unlimited" before starting Java again
#
# If you would like to submit a bug report, please visit:
#   http://bugreport.java.com/bugreport/crash.jsp
#

---------------  T H R E A D  ---------------

Current thread (0x00007fc701019000):  VMThread [stack: 0x000070000248c000,0x000070000258c000] [id=18947]

siginfo: si_signo: 10 (SIGBUS), si_code: 2 (BUS_ADRERR), si_addr: 0x000000011c51d678

Registers:
RAX=0x00000000000090b1, RBX=0x000000000000006a, RCX=0x00007fc7023290b1, RDX=0x0000000000000000
RSP=0x000070000258b570, RBP=0x000070000258b570, RSI=0x00000000000090b1, RDI=0x000000011c4d50a0
R8 =0x000000000000006a, R9 =0x000000008a000000, R10=0x0000000000000019, R11=0xfffffffffffffeac
R12=0x000070000258b798, R13=0x000000011c4d50a0, R14=0x0000000000000001, R15=0x0000000000000001
RIP=0x00000001119e2563, EFLAGS=0x0000000000010202, ERR=0x0000000000000004
  TRAPNO=0x000000000000000e

Top of Stack: (sp=0x000070000258b570)
0x000070000258b570:   000070000258b5d0 0000000111a8985a
0x000070000258b580:   000070000258b5a0 0000000111db32a2
0x000070000258b590:   000070000258b5e8 000070000258b798
0x000070000258b5a0:   000070000258b5d0 00007fc702104f68
0x000070000258b5b0:   000070000258b5e8 000000011c4d56b0
0x000070000258b5c0:   000070000258b798 00000000000000c2
0x000070000258b5d0:   000070000258b650 0000000111a8b2c8
0x000070000258b5e0:   0000000000000000 000070000258b620
0x000070000258b5f0:   000000011c4d56b0 00007fc701019000
0x000070000258b600:   0000006d0000006a 000000b2000000c2
0x000070000258b610:   000000b202580000 000000011c4d56b0
0x000070000258b620:   00007fc701019000 000000011c4d56b0
0x000070000258b630:   000070000258b798 000000011c4d56b0
0x000070000258b640:   0000000000000005 00000000000000f0
0x000070000258b650:   000070000258b680 0000000111a8b517
0x000070000258b660:   000070000258b680 000070000258b798
0x000070000258b670:   000070000258b798 000000011c4d56b0
0x000070000258b680:   000070000258b6a0 0000000111a8baae
0x000070000258b690:   000070000258b798 00007fc701019000
0x000070000258b6a0:   000070000258b730 0000000111a8bec7
0x000070000258b6b0:   45cfec154c5d0000 0000000000000000
0x000070000258b6c0:   00000000000000ff 0000700000000000
0x000070000258b6d0:   0000000000000100 0000000000000100
0x000070000258b6e0:   0000000000000000 000070000258bcd0
0x000070000258b6f0:   00007fc70080b200 000000b31c4d8968
0x000070000258b700:   000000011c4d56b0 00007fc701019000
0x000070000258b710:   000000011c4d56b0 000070000258b798
0x000070000258b720:   00007fc701019000 00007fc6ffe04de0
0x000070000258b730:   000070000258b780 0000000111c86d15
0x000070000258b740:   00007fc6ffe0e4f0 00007fc702104dd0
0x000070000258b750:   00007fc702104de0 00007fc7021051b8
0x000070000258b760:   00000000000003d8 000000000000008b 

Instructions: (pc=0x00000001119e2563)
0x00000001119e2543:   48 23 54 08 10 8b 44 d7 50 c1 e8 10 5d c3 48 63
0x00000001119e2553:   ce 48 c1 e1 05 48 8b 4c 08 10 0f b7 f1 48 63 c6
0x00000001119e2563:   8b 44 c7 50 eb e3 90 55 48 89 e5 53 48 83 ec 08
0x00000001119e2573:   48 89 fb 48 89 df e8 8e ff ff ff 48 63 c0 8b 44 

Register to memory mapping:

RAX=0x00000000000090b1 is an unknown value
RBX=0x000000000000006a is an unknown value
RCX=0x00007fc7023290b1 is an unknown value
RDX=0x0000000000000000 is an unknown value
RSP=0x000070000258b570 is an unknown value
RBP=0x000070000258b570 is an unknown value
RSI=0x00000000000090b1 is an unknown value
RDI=0x000000011c4d50a0 is pointing into metadata
R8 =0x000000000000006a is an unknown value
R9 =0x000000008a000000 is an unknown value
R10=0x0000000000000019 is an unknown value
R11=0xfffffffffffffeac is an unknown value
R12=0x000070000258b798 is an unknown value
R13=0x000000011c4d50a0 is pointing into metadata
R14=0x0000000000000001 is an unknown value
R15=0x0000000000000001 is an unknown value


Stack: [0x000070000248c000,0x000070000258c000],  sp=0x000070000258b570,  free space=1021k
Native frames: (J=compiled Java code, j=interpreted, Vv=VM code, C=native code)
V  [libjvm.dylib+0x1e2563]  ConstantPool::impl_name_and_type_ref_index_at(int, bool)+0x57
V  [libjvm.dylib+0x28985a]  GenerateOopMap::do_field(int, int, int, int)+0x36
V  [libjvm.dylib+0x28b2c8]  GenerateOopMap::interp_bb(BasicBlock*)+0x104
V  [libjvm.dylib+0x28b517]  GenerateOopMap::interp_all()+0x31
V  [libjvm.dylib+0x28baae]  GenerateOopMap::do_interpretation()+0x44
V  [libjvm.dylib+0x28bec7]  GenerateOopMap::compute_map(Thread*)+0x1fb
V  [libjvm.dylib+0x486d15]  OopMapForCacheEntry::compute_map(Thread*)+0x8f
V  [libjvm.dylib+0x486f1e]  OopMapCacheEntry::fill(methodHandle, int)+0x19e
V  [libjvm.dylib+0x4870ff]  OopMapCache::compute_one_oop_map(methodHandle, int, InterpreterOopMap*)+0x16b
V  [libjvm.dylib+0x4873b6]  OopMapCache::lookup(methodHandle, int, InterpreterOopMap*) const+0x25c
V  [libjvm.dylib+0x2c37aa]  InstanceKlass::mask_for(methodHandle, int, InterpreterOopMap*)+0xd2
V  [libjvm.dylib+0x45479d]  Method::mask_for(int, InterpreterOopMap*)+0xb3
V  [libjvm.dylib+0x39bc87]  VM_GetOrSetLocal::doit()+0x47
V  [libjvm.dylib+0x5c3805]  VM_Operation::evaluate()+0x4f
V  [libjvm.dylib+0x5c1d73]  VMThread::evaluate_operation(VM_Operation*)+0xdf
V  [libjvm.dylib+0x5c21c0]  VMThread::loop()+0x328
V  [libjvm.dylib+0x5c1adf]  VMThread::run()+0x79
V  [libjvm.dylib+0x48fe2a]  java_start(Thread*)+0xf6
C  [libsystem_pthread.dylib+0x6109]  _pthread_start+0x94
C  [libsystem_pthread.dylib+0x1b8b]  thread_start+0xf

VM_Operation (0x0000700002a9d9f8): GetOrSetLocal, mode: safepoint, requested by thread 0x00007fc700008800


---------------  P R O C E S S  ---------------

Java Threads: ( => current thread )
  0x00007fc70100b800 JavaThread "Service Thread" daemon [_thread_blocked, id=26627, stack(0x00007000038cb000,0x00007000039cb000)]
  0x00007fc709009800 JavaThread "C1 CompilerThread11" daemon [_thread_blocked, id=41219, stack(0x00007000037c8000,0x00007000038c8000)]
  0x00007fc700844000 JavaThread "C1 CompilerThread10" daemon [_thread_blocked, id=41475, stack(0x00007000036c5000,0x00007000037c5000)]
  0x00007fc70081c000 JavaThread "C1 CompilerThread9" daemon [_thread_blocked, id=25603, stack(0x00007000035c2000,0x00007000036c2000)]
  0x00007fc700808800 JavaThread "C1 CompilerThread8" daemon [_thread_blocked, id=41731, stack(0x00007000034bf000,0x00007000035bf000)]
  0x00007fc703834000 JavaThread "C2 CompilerThread7" daemon [_thread_blocked, id=24835, stack(0x00007000033bc000,0x00007000034bc000)]
  0x00007fc703833000 JavaThread "C2 CompilerThread6" daemon [_thread_blocked, id=41987, stack(0x00007000032b9000,0x00007000033b9000)]
  0x00007fc703011000 JavaThread "C2 CompilerThread5" daemon [_thread_blocked, id=42243, stack(0x00007000031b6000,0x00007000032b6000)]
  0x00007fc703012000 JavaThread "C2 CompilerThread4" daemon [_thread_blocked, id=42499, stack(0x00007000030b3000,0x00007000031b3000)]
  0x00007fc70082b000 JavaThread "C2 CompilerThread3" daemon [_thread_blocked, id=23555, stack(0x0000700002fb0000,0x00007000030b0000)]
  0x00007fc70381e800 JavaThread "C2 CompilerThread2" daemon [_thread_blocked, id=42755, stack(0x0000700002ead000,0x0000700002fad000)]
  0x00007fc703832800 JavaThread "C2 CompilerThread1" daemon [_thread_blocked, id=23043, stack(0x0000700002daa000,0x0000700002eaa000)]
  0x00007fc70402e800 JavaThread "C2 CompilerThread0" daemon [_thread_blocked, id=22531, stack(0x0000700002ca7000,0x0000700002da7000)]
  0x00007fc701815800 JavaThread "JDWP Command Reader" daemon [_thread_in_native, id=43267, stack(0x0000700002ba4000,0x0000700002ca4000)]
  0x00007fc70280c000 JavaThread "JDWP Event Helper Thread" daemon [_thread_blocked, id=21763, stack(0x0000700002aa1000,0x0000700002ba1000)]
  0x00007fc700008800 JavaThread "JDWP Transport Listener: dt_socket" daemon [_thread_blocked, id=15879, stack(0x000070000299e000,0x0000700002a9e000)]
  0x00007fc70280b800 JavaThread "Signal Dispatcher" daemon [_thread_blocked, id=16387, stack(0x000070000289b000,0x000070000299b000)]
  0x00007fc703010800 JavaThread "Finalizer" daemon [_thread_blocked, id=13571, stack(0x0000700002692000,0x0000700002792000)]
  0x00007fc70300d800 JavaThread "Reference Handler" daemon [_thread_blocked, id=13315, stack(0x000070000258f000,0x000070000268f000)]
  0x00007fc70100a800 JavaThread "main" [_thread_blocked, id=3587, stack(0x0000700001662000,0x0000700001762000)]

Other Threads:
=>0x00007fc701019000 VMThread [stack: 0x000070000248c000,0x000070000258c000] [id=18947]
  0x00007fc70280b000 WatcherThread [stack: 0x00007000039ce000,0x0000700003ace000] [id=26883]

VM state:at safepoint (normal execution)

VM Mutex/Monitor currently owned by a thread:  ([mutex/lock_event])
[0x00007fc6ffd05960] Threads_lock - owner thread: 0x00007fc701019000

heap address: 0x00000006c0000000, size: 4096 MB, Compressed Oops mode: Zero based, Oop shift amount: 3
Narrow klass base: 0x0000000000000000, Narrow klass shift: 3
Compressed class space size: 1073741824 Address: 0x00000007c0000000

Heap:
 PSYoungGen      total 76288K, used 5242K [0x000000076ab00000, 0x0000000770000000, 0x00000007c0000000)
  eden space 65536K, 8% used [0x000000076ab00000,0x000000076b01ebd8,0x000000076eb00000)
  from space 10752K, 0% used [0x000000076f580000,0x000000076f580000,0x0000000770000000)
  to   space 10752K, 0% used [0x000000076eb00000,0x000000076eb00000,0x000000076f580000)
 ParOldGen       total 175104K, used 0K [0x00000006c0000000, 0x00000006cab00000, 0x000000076ab00000)
  object space 175104K, 0% used [0x00000006c0000000,0x00000006c0000000,0x00000006cab00000)
 Metaspace       used 3427K, capacity 4562K, committed 4864K, reserved 1056768K
  class space    used 381K, capacity 386K, committed 512K, reserved 1048576K

Card table byte_map: [0x0000000112b7e000,0x000000011337f000] byte_map_base: 0x000000010f57e000

Marking Bits: (ParMarkBitMap*) 0x0000000112100f60
 Begin Bits: [0x00000001138d5000, 0x00000001178d5000)
 End Bits:   [0x00000001178d5000, 0x000000011b8d5000)

Polling page: 0x000000010f697000

CodeCache: size=245760Kb used=2875Kb max_used=2875Kb free=242884Kb
 bounds [0x000000011cacb000, 0x000000011cd9b000, 0x000000012bacb000]
 total_blobs=300 nmethods=63 adapters=156
 compilation: enabled

Compilation events (10 events):
Event: 0.290 Thread 0x00007fc70081c000 nmethod 60 0x000000011cd94c90 code [0x000000011cd94e00, 0x000000011cd95008]
Event: 0.290 Thread 0x00007fc700844000 nmethod 59 0x000000011cd95090 code [0x000000011cd95220, 0x000000011cd95738]
Event: 0.290 Thread 0x00007fc700844000   61       3       java.lang.ref.SoftReference::get (29 bytes)
Event: 0.290 Thread 0x00007fc700844000 nmethod 61 0x000000011cd95910 code [0x000000011cd95a80, 0x000000011cd95c70]
Event: 0.290 Thread 0x00007fc700808800 nmethod 56 0x000000011cd95d10 code [0x000000011cd95f40, 0x000000011cd96b18]
Event: 0.290 Thread 0x00007fc709009800 nmethod 57 0x000000011cd97050 code [0x000000011cd972e0, 0x000000011cd985f8]
Event: 7.440 Thread 0x00007fc709009800   62       1       java.nio.Buffer::position (5 bytes)
Event: 7.441 Thread 0x00007fc709009800 nmethod 62 0x000000011cd99a90 code [0x000000011cd99be0, 0x000000011cd99cf0]
Event: 7.441 Thread 0x00007fc709009800   63       3       java.util.concurrent.ConcurrentHashMap::spread (10 bytes)
Event: 7.441 Thread 0x00007fc709009800 nmethod 63 0x000000011cd99d50 code [0x000000011cd99ea0, 0x000000011cd99ff0]

GC Heap History (0 events):
No events

Deoptimization events (0 events):
No events

Classes redefined (3 events):
Event: 103.400 Thread 0x00007fc701019000 redefined class name=InterviewQuestions.FirstandLastOccuranceDelete, count=1
Event: 1045.662 Thread 0x00007fc701019000 redefined class name=InterviewQuestions.FirstandLastOccuranceDelete, count=2
Event: 1063.732 Thread 0x00007fc701019000 redefined class name=InterviewQuestions.FirstandLastOccuranceDelete, count=3

Internal exceptions (6 events):
Event: 0.037 Thread 0x00007fc70100a800 Exception <a 'java/lang/NoSuchMethodError': Method sun.misc.Unsafe.defineClass(Ljava/lang/String;[BII)Ljava/lang/Class; name or signature does not match> (0x000000076ab07cc0) thrown at [/jenkins/workspace/8-2-build-macosx-x86_64/jdk8u251/737/hotspot/src/s
Event: 0.037 Thread 0x00007fc70100a800 Exception <a 'java/lang/NoSuchMethodError': Method sun.misc.Unsafe.prefetchRead(Ljava/lang/Object;J)V name or signature does not match> (0x000000076ab07fa8) thrown at [/jenkins/workspace/8-2-build-macosx-x86_64/jdk8u251/737/hotspot/src/share/vm/prims/jni.
Event: 0.284 Thread 0x00007fc70100a800 Exception <a 'java/security/PrivilegedActionException'> (0x000000076abbc128) thrown at [/jenkins/workspace/8-2-build-macosx-x86_64/jdk8u251/737/hotspot/src/share/vm/prims/jvm.cpp, line 1502]
Event: 0.284 Thread 0x00007fc70100a800 Exception <a 'java/security/PrivilegedActionException'> (0x000000076abbc520) thrown at [/jenkins/workspace/8-2-build-macosx-x86_64/jdk8u251/737/hotspot/src/share/vm/prims/jvm.cpp, line 1502]
Event: 0.284 Thread 0x00007fc70100a800 Exception <a 'java/security/PrivilegedActionException'> (0x000000076abbfa38) thrown at [/jenkins/workspace/8-2-build-macosx-x86_64/jdk8u251/737/hotspot/src/share/vm/prims/jvm.cpp, line 1502]
Event: 0.284 Thread 0x00007fc70100a800 Exception <a 'java/security/PrivilegedActionException'> (0x000000076abbfe30) thrown at [/jenkins/workspace/8-2-build-macosx-x86_64/jdk8u251/737/hotspot/src/share/vm/prims/jvm.cpp, line 1502]

Events (10 events):
Event: 1063.760 Executing VM operation: ChangeBreakpoints done
Event: 1063.763 Executing VM operation: ChangeBreakpoints
Event: 1063.763 Executing VM operation: ChangeBreakpoints done
Event: 1063.764 Executing VM operation: ChangeBreakpoints
Event: 1063.764 Executing VM operation: ChangeBreakpoints done
Event: 1063.945 Executing VM operation: GetOwnedMonitorInfo
Event: 1063.945 Executing VM operation: GetOwnedMonitorInfo done
Event: 1063.945 Executing VM operation: GetCurrentContendedMonitor
Event: 1063.945 Executing VM operation: GetCurrentContendedMonitor done
Event: 1084.027 Executing VM operation: GetOrSetLocal


Dynamic libraries:
0x00007fff355c1000 	/System/Library/Frameworks/Cocoa.framework/Versions/A/Cocoa
0x00007fff42dba000 	/System/Library/Frameworks/Security.framework/Versions/A/Security
0x00007fff34526000 	/System/Library/Frameworks/ApplicationServices.framework/Versions/A/ApplicationServices
0x00007fff6f8de000 	/usr/lib/libz.1.dylib
0x00007fff6d3a2000 	/usr/lib/libSystem.B.dylib
0x00007fff6f202000 	/usr/lib/libobjc.A.dylib
0x00007fff36463000 	/System/Library/Frameworks/CoreFoundation.framework/Versions/A/CoreFoundation
0x00007fff38b20000 	/System/Library/Frameworks/Foundation.framework/Versions/C/Foundation
0x00007fff33716000 	/System/Library/Frameworks/AppKit.framework/Versions/C/AppKit
0x00007fff35f45000 	/System/Library/Frameworks/CoreData.framework/Versions/A/CoreData
0x00007fff673b7000 	/System/Library/PrivateFrameworks/UIFoundation.framework/Versions/A/UIFoundation
0x00007fff6244b000 	/System/Library/PrivateFrameworks/RemoteViewServices.framework/Versions/A/RemoteViewServices
0x00007fff69f12000 	/System/Library/PrivateFrameworks/XCTTargetBootstrap.framework/Versions/A/XCTTargetBootstrap
0x00007fff36330000 	/System/Library/Frameworks/CoreDisplay.framework/Versions/A/CoreDisplay
0x00007fff3b9db000 	/System/Library/Frameworks/Metal.framework/Versions/A/Metal
0x00007fff5044e000 	/System/Library/PrivateFrameworks/DesktopServicesPriv.framework/Versions/A/DesktopServicesPriv
0x00007fff6e4dd000 	/usr/lib/liblangid.dylib
0x00007fff4f6e3000 	/System/Library/PrivateFrameworks/CoreSVG.framework/Versions/A/CoreSVG
0x00007fff655a7000 	/System/Library/PrivateFrameworks/SkyLight.framework/Versions/A/SkyLight
0x00007fff368e4000 	/System/Library/Frameworks/CoreGraphics.framework/Versions/A/CoreGraphics
0x00007fff320ea000 	/System/Library/Frameworks/Accelerate.framework/Versions/A/Accelerate
0x00007fff6f7cf000 	/usr/lib/libxml2.2.dylib
0x00007fff5b3d6000 	/System/Library/PrivateFrameworks/IconServices.framework/Versions/A/IconServices
0x00007fff392ff000 	/System/Library/Frameworks/IOSurface.framework/Versions/A/IOSurface
0x00007fff6cecc000 	/usr/lib/libDiagnosticMessagesClient.dylib
0x00007fff502a8000 	/System/Library/PrivateFrameworks/DFRFoundation.framework/Versions/A/DFRFoundation
0x00007fff6e26c000 	/usr/lib/libicucore.A.dylib
0x00007fff34858000 	/System/Library/Frameworks/AudioToolbox.framework/Versions/A/AudioToolbox
0x00007fff3493b000 	/System/Library/Frameworks/AudioUnit.framework/Versions/A/AudioUnit
0x00007fff6d5a4000 	/usr/lib/libauto.dylib
0x00007fff5034a000 	/System/Library/PrivateFrameworks/DataDetectorsCore.framework/Versions/A/DataDetectorsCore
0x00007fff350e2000 	/System/Library/Frameworks/Carbon.framework/Versions/A/Frameworks/HIToolbox.framework/Versions/A/HIToolbox
0x00007fff41fb4000 	/System/Library/Frameworks/QuartzCore.framework/Versions/A/QuartzCore
0x00007fff35421000 	/System/Library/Frameworks/Carbon.framework/Versions/A/Frameworks/SpeechRecognition.framework/Versions/A/SpeechRecognition
0x00007fff4fdbc000 	/System/Library/PrivateFrameworks/CoreUI.framework/Versions/A/CoreUI
0x00007fff359b0000 	/System/Library/Frameworks/CoreAudio.framework/Versions/A/CoreAudio
0x00007fff387df000 	/System/Library/Frameworks/DiskArbitration.framework/Versions/A/DiskArbitration
0x00007fff5d426000 	/System/Library/PrivateFrameworks/MultitouchSupport.framework/Versions/A/MultitouchSupport
0x00007fff6e133000 	/usr/lib/libenergytrace.dylib
0x00007fff39259000 	/System/Library/Frameworks/IOKit.framework/Versions/A/IOKit
0x00007fff3784b000 	/System/Library/Frameworks/CoreServices.framework/Versions/A/CoreServices
0x00007fff5f5de000 	/System/Library/PrivateFrameworks/PerformanceAnalysis.framework/Versions/A/PerformanceAnalysis
0x00007fff40fe7000 	/System/Library/Frameworks/OpenGL.framework/Versions/A/OpenGL
0x00007fff355cf000 	/System/Library/Frameworks/ColorSync.framework/Versions/A/ColorSync
0x00007fff36f67000 	/System/Library/Frameworks/CoreImage.framework/Versions/A/CoreImage
0x00007fff382be000 	/System/Library/Frameworks/CoreText.framework/Versions/A/CoreText
0x00007fff3938f000 	/System/Library/Frameworks/ImageIO.framework/Versions/A/ImageIO
0x00007fff6d688000 	/usr/lib/libc++.1.dylib
0x00007fff6d704000 	/usr/lib/libcompression.dylib
0x00007fff6d210000 	/usr/lib/libMobileGestalt.dylib
0x00007fff67121000 	/System/Library/PrivateFrameworks/TextureIO.framework/Versions/A/TextureIO
0x00007fff6d507000 	/usr/lib/libate.dylib
0x00007fff5b5df000 	/System/Library/PrivateFrameworks/InternationalSupport.framework/Versions/A/InternationalSupport
0x00007fff7019f000 	/usr/lib/system/libcache.dylib
0x00007fff701a5000 	/usr/lib/system/libcommonCrypto.dylib
0x00007fff701b1000 	/usr/lib/system/libcompiler_rt.dylib
0x00007fff701b9000 	/usr/lib/system/libcopyfile.dylib
0x00007fff701c3000 	/usr/lib/system/libcorecrypto.dylib
0x00007fff70362000 	/usr/lib/system/libdispatch.dylib
0x00007fff703a3000 	/usr/lib/system/libdyld.dylib
0x00007fff703da000 	/usr/lib/system/libkeymgr.dylib
0x00007fff703e8000 	/usr/lib/system/liblaunch.dylib
0x00007fff703e9000 	/usr/lib/system/libmacho.dylib
0x00007fff703ef000 	/usr/lib/system/libquarantine.dylib
0x00007fff703f2000 	/usr/lib/system/libremovefile.dylib
0x00007fff703f4000 	/usr/lib/system/libsystem_asl.dylib
0x00007fff7040c000 	/usr/lib/system/libsystem_blocks.dylib
0x00007fff7040d000 	/usr/lib/system/libsystem_c.dylib
0x00007fff70495000 	/usr/lib/system/libsystem_configuration.dylib
0x00007fff70499000 	/usr/lib/system/libsystem_coreservices.dylib
0x00007fff7049d000 	/usr/lib/system/libsystem_darwin.dylib
0x00007fff704a6000 	/usr/lib/system/libsystem_dnssd.dylib
0x00007fff704ae000 	/usr/lib/system/libsystem_featureflags.dylib
0x00007fff704b0000 	/usr/lib/system/libsystem_info.dylib
0x00007fff7052b000 	/usr/lib/system/libsystem_m.dylib
0x00007fff70573000 	/usr/lib/system/libsystem_malloc.dylib
0x00007fff7059b000 	/usr/lib/system/libsystem_networkextension.dylib
0x00007fff705a9000 	/usr/lib/system/libsystem_notify.dylib
0x00007fff705c7000 	/usr/lib/system/libsystem_sandbox.dylib
0x00007fff705cc000 	/usr/lib/system/libsystem_secinit.dylib
0x00007fff704fe000 	/usr/lib/system/libsystem_kernel.dylib
0x00007fff705b3000 	/usr/lib/system/libsystem_platform.dylib
0x00007fff705bc000 	/usr/lib/system/libsystem_pthread.dylib
0x00007fff705cf000 	/usr/lib/system/libsystem_symptoms.dylib
0x00007fff705d7000 	/usr/lib/system/libsystem_trace.dylib
0x00007fff705ef000 	/usr/lib/system/libunwind.dylib
0x00007fff705f5000 	/usr/lib/system/libxpc.dylib
0x00007fff6d6db000 	/usr/lib/libc++abi.dylib
0x00007fff6e4df000 	/usr/lib/liblzma.5.dylib
0x00007fff6e15a000 	/usr/lib/libfakelink.dylib
0x00007fff6d494000 	/usr/lib/libarchive.2.dylib
0x00007fff43e6b000 	/System/Library/Frameworks/SystemConfiguration.framework/Versions/A/SystemConfiguration
0x00007fff6cdff000 	/usr/lib/libCRFSuite.dylib
0x00007fff34cd2000 	/System/Library/Frameworks/CFNetwork.framework/Versions/A/CFNetwork
0x00007fff6d66a000 	/usr/lib/libbsm.0.dylib
0x00007fff703db000 	/usr/lib/system/libkxld.dylib
0x00007fff49c25000 	/System/Library/PrivateFrameworks/AppleFSCompression.framework/Versions/A/AppleFSCompression
0x00007fff6d9f5000 	/usr/lib/libcoretls.dylib
0x00007fff6da0c000 	/usr/lib/libcoretls_cfhelpers.dylib
0x00007fff6f248000 	/usr/lib/libpam.2.dylib
0x00007fff6f37d000 	/usr/lib/libsqlite3.dylib
0x00007fff6f7bc000 	/usr/lib/libxar.1.dylib
0x00007fff6d67b000 	/usr/lib/libbz2.1.0.dylib
0x00007fff6e17b000 	/usr/lib/libiconv.2.dylib
0x00007fff6d6f1000 	/usr/lib/libcharset.1.dylib
0x00007fff6ece5000 	/usr/lib/libnetwork.dylib
0x00007fff6f24f000 	/usr/lib/libpcap.A.dylib
0x00007fff6d449000 	/usr/lib/libapple_nghttp2.dylib
0x00007fff37c02000 	/System/Library/Frameworks/CoreServices.framework/Versions/A/Frameworks/FSEvents.framework/Versions/A/FSEvents
0x00007fff378d2000 	/System/Library/Frameworks/CoreServices.framework/Versions/A/Frameworks/CarbonCore.framework/Versions/A/CarbonCore
0x00007fff37e46000 	/System/Library/Frameworks/CoreServices.framework/Versions/A/Frameworks/Metadata.framework/Versions/A/Metadata
0x00007fff37edf000 	/System/Library/Frameworks/CoreServices.framework/Versions/A/Frameworks/OSServices.framework/Versions/A/OSServices
0x00007fff37f0d000 	/System/Library/Frameworks/CoreServices.framework/Versions/A/Frameworks/SearchKit.framework/Versions/A/SearchKit
0x00007fff3784c000 	/System/Library/Frameworks/CoreServices.framework/Versions/A/Frameworks/AE.framework/Versions/A/AE
0x00007fff37c0b000 	/System/Library/Frameworks/CoreServices.framework/Versions/A/Frameworks/LaunchServices.framework/Versions/A/LaunchServices
0x00007fff37bb4000 	/System/Library/Frameworks/CoreServices.framework/Versions/A/Frameworks/DictionaryServices.framework/Versions/A/DictionaryServices
0x00007fff37f75000 	/System/Library/Frameworks/CoreServices.framework/Versions/A/Frameworks/SharedFileList.framework/Versions/A/SharedFileList
0x00007fff3ce06000 	/System/Library/Frameworks/NetFS.framework/Versions/A/NetFS
0x00007fff5d956000 	/System/Library/PrivateFrameworks/NetAuth.framework/Versions/A/NetAuth
0x00007fff6a2df000 	/System/Library/PrivateFrameworks/login.framework/Versions/A/Frameworks/loginsupport.framework/Versions/A/loginsupport
0x00007fff66bec000 	/System/Library/PrivateFrameworks/TCC.framework/Versions/A/TCC
0x00007fff4e856000 	/System/Library/PrivateFrameworks/CoreNLP.framework/Versions/A/CoreNLP
0x00007fff5ce53000 	/System/Library/PrivateFrameworks/MetadataUtilities.framework/Versions/A/MetadataUtilities
0x00007fff6e5b7000 	/usr/lib/libmecabra.dylib
0x00007fff6e50f000 	/usr/lib/libmecab.dylib
0x00007fff6e16b000 	/usr/lib/libgermantok.dylib
0x00007fff6d430000 	/usr/lib/libThaiTokenizer.dylib
0x00007fff6ce36000 	/usr/lib/libChineseTokenizer.dylib
0x00007fff32102000 	/System/Library/Frameworks/Accelerate.framework/Versions/A/Frameworks/vImage.framework/Versions/A/vImage
0x00007fff3356c000 	/System/Library/Frameworks/Accelerate.framework/Versions/A/Frameworks/vecLib.framework/Versions/A/vecLib
0x00007fff334a9000 	/System/Library/Frameworks/Accelerate.framework/Versions/A/Frameworks/vecLib.framework/Versions/A/libvMisc.dylib
0x00007fff332d1000 	/System/Library/Frameworks/Accelerate.framework/Versions/A/Frameworks/vecLib.framework/Versions/A/libvDSP.dylib
0x00007fff32759000 	/System/Library/Frameworks/Accelerate.framework/Versions/A/Frameworks/vecLib.framework/Versions/A/libBLAS.dylib
0x00007fff32e95000 	/System/Library/Frameworks/Accelerate.framework/Versions/A/Frameworks/vecLib.framework/Versions/A/libLAPACK.dylib
0x00007fff33231000 	/System/Library/Frameworks/Accelerate.framework/Versions/A/Frameworks/vecLib.framework/Versions/A/libLinearAlgebra.dylib
0x00007fff332be000 	/System/Library/Frameworks/Accelerate.framework/Versions/A/Frameworks/vecLib.framework/Versions/A/libSparseBLAS.dylib
0x00007fff33247000 	/System/Library/Frameworks/Accelerate.framework/Versions/A/Frameworks/vecLib.framework/Versions/A/libQuadrature.dylib
0x00007fff329c1000 	/System/Library/Frameworks/Accelerate.framework/Versions/A/Frameworks/vecLib.framework/Versions/A/libBNNS.dylib
0x00007fff3324d000 	/System/Library/Frameworks/Accelerate.framework/Versions/A/Frameworks/vecLib.framework/Versions/A/libSparse.dylib
0x00007fff5b9c7000 	/System/Library/PrivateFrameworks/LanguageModeling.framework/Versions/A/LanguageModeling
0x00007fff4e206000 	/System/Library/PrivateFrameworks/CoreEmoji.framework/Versions/A/CoreEmoji
0x00007fff5bae5000 	/System/Library/PrivateFrameworks/LinguisticData.framework/Versions/A/LinguisticData
0x00007fff5ba96000 	/System/Library/PrivateFrameworks/Lexicon.framework/Versions/A/Lexicon
0x00007fff6d6f2000 	/usr/lib/libcmph.dylib
0x00007fff3f9f5000 	/System/Library/Frameworks/OpenDirectory.framework/Versions/A/Frameworks/CFOpenDirectory.framework/Versions/A/CFOpenDirectory
0x00007fff3fa12000 	/System/Library/Frameworks/OpenDirectory.framework/Versions/A/OpenDirectory
0x00007fff47e55000 	/System/Library/PrivateFrameworks/APFS.framework/Versions/A/APFS
0x00007fff43104000 	/System/Library/Frameworks/SecurityFoundation.framework/Versions/A/SecurityFoundation
0x00007fff6f7b8000 	/usr/lib/libutil.dylib
0x00007fff4f73b000 	/System/Library/PrivateFrameworks/CoreServicesStore.framework/Versions/A/CoreServicesStore
0x00007fff431bb000 	/System/Library/Frameworks/ServiceManagement.framework/Versions/A/ServiceManagement
0x00007fff4b3f5000 	/System/Library/PrivateFrameworks/BackgroundTaskManagement.framework/Versions/A/BackgroundTaskManagement
0x00007fff6f8b5000 	/usr/lib/libxslt.1.dylib
0x00007fff4a298000 	/System/Library/PrivateFrameworks/AppleSystemInfo.framework/Versions/A/AppleSystemInfo
0x00007fff395aa000 	/System/Library/Frameworks/ImageIO.framework/Versions/A/Resources/libJPEG.dylib
0x00007fff39869000 	/System/Library/Frameworks/ImageIO.framework/Versions/A/Resources/libTIFF.dylib
0x00007fff3984c000 	/System/Library/Frameworks/ImageIO.framework/Versions/A/Resources/libPng.dylib
0x00007fff394ec000 	/System/Library/Frameworks/ImageIO.framework/Versions/A/Resources/libGIF.dylib
0x00007fff394f0000 	/System/Library/Frameworks/ImageIO.framework/Versions/A/Resources/libJP2.dylib
0x00007fff39867000 	/System/Library/Frameworks/ImageIO.framework/Versions/A/Resources/libRadiance.dylib
0x00007fff6e134000 	/usr/lib/libexpat.1.dylib
0x00007fff49d80000 	/System/Library/PrivateFrameworks/AppleJPEG.framework/Versions/A/AppleJPEG
0x00007fff52a3b000 	/System/Library/PrivateFrameworks/FontServices.framework/libFontParser.dylib
0x00007fff692e1000 	/System/Library/PrivateFrameworks/WatchdogClient.framework/Versions/A/WatchdogClient
0x00007fff5b022000 	/System/Library/PrivateFrameworks/IOAccelerator.framework/Versions/A/IOAccelerator
0x00007fff3bd76000 	/System/Library/Frameworks/MetalPerformanceShaders.framework/Versions/A/MetalPerformanceShaders
0x00007fff577b8000 	/System/Library/PrivateFrameworks/GPUWrangler.framework/Versions/A/GPUWrangler
0x00007fff5b037000 	/System/Library/PrivateFrameworks/IOPresentment.framework/Versions/A/IOPresentment
0x00007fff502bb000 	/System/Library/PrivateFrameworks/DSExternalDisplay.framework/Versions/A/DSExternalDisplay
0x00007fff40386000 	/System/Library/Frameworks/OpenGL.framework/Versions/A/Libraries/libCoreFSCache.dylib
0x00007fff3bac2000 	/System/Library/Frameworks/MetalPerformanceShaders.framework/Frameworks/MPSCore.framework/Versions/A/MPSCore
0x00007fff3bb00000 	/System/Library/Frameworks/MetalPerformanceShaders.framework/Frameworks/MPSImage.framework/Versions/A/MPSImage
0x00007fff3bbc7000 	/System/Library/Frameworks/MetalPerformanceShaders.framework/Frameworks/MPSNeuralNetwork.framework/Versions/A/MPSNeuralNetwork
0x00007fff3bb8b000 	/System/Library/Frameworks/MetalPerformanceShaders.framework/Frameworks/MPSMatrix.framework/Versions/A/MPSMatrix
0x00007fff3bd26000 	/System/Library/Frameworks/MetalPerformanceShaders.framework/Frameworks/MPSRayIntersector.framework/Versions/A/MPSRayIntersector
0x00007fff3bbb1000 	/System/Library/Frameworks/MetalPerformanceShaders.framework/Frameworks/MPSNDArray.framework/Versions/A/MPSNDArray
0x00007fff5cea0000 	/System/Library/PrivateFrameworks/MetalTools.framework/Versions/A/MetalTools
0x00007fff4902f000 	/System/Library/PrivateFrameworks/AggregateDictionary.framework/Versions/A/AggregateDictionary
0x00007fff4dc4e000 	/System/Library/PrivateFrameworks/CoreAnalytics.framework/Versions/A/CoreAnalytics
0x00007fff4a1b7000 	/System/Library/PrivateFrameworks/AppleSauce.framework/Versions/A/AppleSauce
0x00007fff6d0f2000 	/usr/lib/libIOReport.dylib
0x00007fff38476000 	/System/Library/Frameworks/CoreVideo.framework/Versions/A/CoreVideo
0x00007fff58c31000 	/System/Library/PrivateFrameworks/GraphVisualizer.framework/Versions/A/GraphVisualizer
0x00007fff51f81000 	/System/Library/PrivateFrameworks/FaceCore.framework/Versions/A/FaceCore
0x00007fff3f99c000 	/System/Library/Frameworks/OpenCL.framework/Versions/A/OpenCL
0x00007fff6cf14000 	/usr/lib/libFosl_dynamic.dylib
0x00007fff5e376000 	/System/Library/PrivateFrameworks/OTSVG.framework/Versions/A/OTSVG
0x00007fff3462b000 	/System/Library/Frameworks/ApplicationServices.framework/Versions/A/Frameworks/ATS.framework/Versions/A/Resources/libFontRegistry.dylib
0x00007fff52c0c000 	/System/Library/PrivateFrameworks/FontServices.framework/libhvf.dylib
0x00007fff40391000 	/System/Library/Frameworks/OpenGL.framework/Versions/A/Libraries/libGFXShared.dylib
0x00007fff4056f000 	/System/Library/Frameworks/OpenGL.framework/Versions/A/Libraries/libGLU.dylib
0x00007fff4039a000 	/System/Library/Frameworks/OpenGL.framework/Versions/A/Libraries/libGL.dylib
0x00007fff403a5000 	/System/Library/Frameworks/OpenGL.framework/Versions/A/Libraries/libGLImage.dylib
0x00007fff40383000 	/System/Library/Frameworks/OpenGL.framework/Versions/A/Libraries/libCVMSPluginSupport.dylib
0x00007fff4038c000 	/System/Library/Frameworks/OpenGL.framework/Versions/A/Libraries/libCoreVMClient.dylib
0x00007fff6eb86000 	/usr/lib/libncurses.5.4.dylib
0x00007fff34527000 	/System/Library/Frameworks/ApplicationServices.framework/Versions/A/Frameworks/ATS.framework/Versions/A/ATS
0x00007fff346f4000 	/System/Library/Frameworks/ApplicationServices.framework/Versions/A/Frameworks/ColorSyncLegacy.framework/Versions/A/ColorSyncLegacy
0x00007fff34792000 	/System/Library/Frameworks/ApplicationServices.framework/Versions/A/Frameworks/HIServices.framework/Versions/A/HIServices
0x00007fff347ea000 	/System/Library/Frameworks/ApplicationServices.framework/Versions/A/Frameworks/LangAnalysis.framework/Versions/A/LangAnalysis
0x00007fff347f9000 	/System/Library/Frameworks/ApplicationServices.framework/Versions/A/Frameworks/PrintCore.framework/Versions/A/PrintCore
0x00007fff3483f000 	/System/Library/Frameworks/ApplicationServices.framework/Versions/A/Frameworks/QD.framework/Versions/A/QD
0x00007fff3484a000 	/System/Library/Frameworks/ApplicationServices.framework/Versions/A/Frameworks/SpeechSynthesis.framework/Versions/A/SpeechSynthesis
0x00007fff346c4000 	/System/Library/Frameworks/ApplicationServices.framework/Versions/A/Frameworks/ATSUI.framework/Versions/A/ATSUI
0x00007fff6dfca000 	/usr/lib/libcups.2.dylib
0x00007fff3ae11000 	/System/Library/Frameworks/Kerberos.framework/Versions/A/Kerberos
0x00007fff38f52000 	/System/Library/Frameworks/GSS.framework/Versions/A/GSS
0x00007fff6f309000 	/usr/lib/libresolv.9.dylib
0x00007fff58dde000 	/System/Library/PrivateFrameworks/Heimdal.framework/Versions/A/Heimdal
0x00007fff3ae24000 	/System/Library/Frameworks/Kerberos.framework/Versions/A/Libraries/libHeimdalProxy.dylib
0x00007fff6e171000 	/usr/lib/libheimdal-asn1.dylib
0x00007fff4d0e6000 	/System/Library/PrivateFrameworks/CommonAuth.framework/Versions/A/CommonAuth
0x00007fff4a335000 	/System/Library/PrivateFrameworks/AssertionServices.framework/Versions/A/AssertionServices
0x00007fff4aed8000 	/System/Library/PrivateFrameworks/AudioToolboxCore.framework/Versions/A/AudioToolboxCore
0x00007fff69f8f000 	/System/Library/PrivateFrameworks/caulk.framework/Versions/A/caulk
0x00007fff4b4a1000 	/System/Library/PrivateFrameworks/BaseBoard.framework/Versions/A/BaseBoard
0x00007fff625d9000 	/System/Library/PrivateFrameworks/RunningBoardServices.framework/Versions/A/RunningBoardServices
0x00007fff5f5ea000 	/System/Library/PrivateFrameworks/PersistentConnection.framework/Versions/A/PersistentConnection
0x00007fff61fd2000 	/System/Library/PrivateFrameworks/ProtocolBuffer.framework/Versions/A/ProtocolBuffer
0x00007fff4d10a000 	/System/Library/PrivateFrameworks/CommonUtilities.framework/Versions/A/CommonUtilities
0x00007fff4b62f000 	/System/Library/PrivateFrameworks/Bom.framework/Versions/A/Bom
0x00007fff6cdc5000 	/usr/lib/libAudioToolboxUtility.dylib
0x00007fff4b3ff000 	/System/Library/PrivateFrameworks/Backup.framework/Versions/A/Backup
0x00007fff501dc000 	/System/Library/PrivateFrameworks/CrashReporterSupport.framework/Versions/A/CrashReporterSupport
0x00007fff6406b000 	/System/Library/PrivateFrameworks/Sharing.framework/Versions/A/Sharing
0x00007fff49943000 	/System/Library/PrivateFrameworks/Apple80211.framework/Versions/A/Apple80211
0x00007fff4b11c000 	/System/Library/PrivateFrameworks/AuthKit.framework/Versions/A/AuthKit
0x00007fff4fee9000 	/System/Library/PrivateFrameworks/CoreUtils.framework/Versions/A/CoreUtils
0x00007fff384bb000 	/System/Library/Frameworks/CoreWLAN.framework/Versions/A/CoreWLAN
0x00007fff390df000 	/System/Library/Frameworks/IOBluetooth.framework/Versions/A/IOBluetooth
0x00007fff5d1a5000 	/System/Library/PrivateFrameworks/MobileKeyBag.framework/Versions/A/MobileKeyBag
0x00007fff4ecee000 	/System/Library/PrivateFrameworks/CorePhoneNumbers.framework/Versions/A/CorePhoneNumbers
0x00007fff49d33000 	/System/Library/PrivateFrameworks/AppleIDAuthSupport.framework/Versions/A/AppleIDAuthSupport
0x00007fff3ce13000 	/System/Library/Frameworks/Network.framework/Versions/A/Network
0x00007fff5b873000 	/System/Library/PrivateFrameworks/KeychainCircle.framework/Versions/A/KeychainCircle
0x00007fff35f0c000 	/System/Library/Frameworks/CoreBluetooth.framework/Versions/A/CoreBluetooth
0x00007fff660ea000 	/System/Library/PrivateFrameworks/SpeechRecognitionCore.framework/Versions/A/SpeechRecognitionCore
0x0000000111800000 	/Library/Java/JavaVirtualMachines/jdk1.8.0_251.jdk/Contents/Home/jre/lib/server/libjvm.dylib
0x00007fff6f68b000 	/usr/lib/libstdc++.6.dylib
0x000000010f653000 	/Library/Java/JavaVirtualMachines/jdk1.8.0_251.jdk/Contents/Home/jre/lib/libverify.dylib
0x000000010f661000 	/Library/Java/JavaVirtualMachines/jdk1.8.0_251.jdk/Contents/Home/jre/lib/libjava.dylib
0x000000010f698000 	/Library/Java/JavaVirtualMachines/jdk1.8.0_251.jdk/Contents/Home/jre/lib/libjdwp.dylib
0x000000010f6e3000 	/Library/Java/JavaVirtualMachines/jdk1.8.0_251.jdk/Contents/Home/jre/lib/libnpt.dylib
0x000000010f730000 	/Library/Java/JavaVirtualMachines/jdk1.8.0_251.jdk/Contents/Home/jre/lib/libzip.dylib
0x000000010f799000 	/Library/Java/JavaVirtualMachines/jdk1.8.0_251.jdk/Contents/Home/jre/lib/libdt_socket.dylib

VM Arguments:
jvm_args: -agentlib:jdwp=transport=dt_socket,suspend=y,address=localhost:62557 -Dfile.encoding=UTF-8 
java_command: InterviewQuestions.FirstandLastOccuranceDelete
java_class_path (initial): /Library/Java/JavaVirtualMachines/jdk1.8.0_251.jdk/Contents/Home/jre/lib/resources.jar:/Library/Java/JavaVirtualMachines/jdk1.8.0_251.jdk/Contents/Home/jre/lib/rt.jar:/Library/Java/JavaVirtualMachines/jdk1.8.0_251.jdk/Contents/Home/jre/lib/jsse.jar:/Library/Java/JavaVirtualMachines/jdk1.8.0_251.jdk/Contents/Home/jre/lib/jce.jar:/Library/Java/JavaVirtualMachines/jdk1.8.0_251.jdk/Contents/Home/jre/lib/charsets.jar:/Library/Java/JavaVirtualMachines/jdk1.8.0_251.jdk/Contents/Home/jre/lib/jfr.jar:/Library/Java/JavaVirtualMachines/jdk1.8.0_251.jdk/Contents/Home/jre/lib/ext/sunec.jar:/Library/Java/JavaVirtualMachines/jdk1.8.0_251.jdk/Contents/Home/jre/lib/ext/nashorn.jar:/Library/Java/JavaVirtualMachines/jdk1.8.0_251.jdk/Contents/Home/jre/lib/ext/cldrdata.jar:/Library/Java/JavaVirtualMachines/jdk1.8.0_251.jdk/Contents/Home/jre/lib/ext/jfxrt.jar:/Library/Java/JavaVirtualMachines/jdk1.8.0_251.jdk/Contents/Home/jre/lib/ext/dnsns.jar:/Library/Java/JavaVirtualMachines/jdk1.8.0_251.jdk/Contents/Home/jre/lib/ext/localedata.jar:/Library/Java/JavaVirtualMachines/jdk1.8.0_251.jdk/Contents/Home/jre/lib/ext/sunjce_provider.jar:/Library/Java/JavaVirtualMachines/jdk1.8.0_251.jdk/Contents/Home/jre/lib/ext/sunpkcs11.jar:/Library/Java/JavaVirtualMachines/jdk1.8.0_251.jdk/Contents/Home/jre/lib/ext/jaccess.jar:/Library/Java/JavaVirtualMachines/jdk1.8.0_251.jdk/Contents/Home/jre/lib/ext/zipfs.jar:/System/Library/Java/Extensions/MRJToolkit.jar:/Users/sriranganathtottadi/Documents/Automation/LearningJava/bin
Launcher Type: SUN_STANDARD

Environment Variables:
PATH=/usr/bin:/bin:/usr/sbin:/sbin
SHELL=/bin/bash

Signal Handlers:
SIGSEGV: [libjvm.dylib+0x5bc2ff], sa_mask[0]=11111111011111110111111111111111, sa_flags=SA_ONSTACK|SA_RESTART|SA_SIGINFO
SIGBUS: [libjvm.dylib+0x5bc2ff], sa_mask[0]=11111111011111110111111111111111, sa_flags=SA_RESTART|SA_SIGINFO
SIGFPE: [libjvm.dylib+0x48d41c], sa_mask[0]=11111111011111110111111111111111, sa_flags=SA_RESTART|SA_SIGINFO
SIGPIPE: [libjvm.dylib+0x48d41c], sa_mask[0]=11111111011111110111111111111111, sa_flags=SA_RESTART|SA_SIGINFO
SIGXFSZ: [libjvm.dylib+0x48d41c], sa_mask[0]=11111111011111110111111111111111, sa_flags=SA_RESTART|SA_SIGINFO
SIGILL: [libjvm.dylib+0x48d41c], sa_mask[0]=11111111011111110111111111111111, sa_flags=SA_RESTART|SA_SIGINFO
SIGUSR1: SIG_DFL, sa_mask[0]=00000000000000000000000000000000, sa_flags=none
SIGUSR2: [libjvm.dylib+0x48cf3a], sa_mask[0]=00100000000000000000000000000000, sa_flags=SA_RESTART|SA_SIGINFO
SIGHUP: [libjvm.dylib+0x48b4c5], sa_mask[0]=11111111011111110111111111111111, sa_flags=SA_RESTART|SA_SIGINFO
SIGINT: [libjvm.dylib+0x48b4c5], sa_mask[0]=11111111011111110111111111111111, sa_flags=SA_RESTART|SA_SIGINFO
SIGTERM: [libjvm.dylib+0x48b4c5], sa_mask[0]=11111111011111110111111111111111, sa_flags=SA_RESTART|SA_SIGINFO
SIGQUIT: [libjvm.dylib+0x48b4c5], sa_mask[0]=11111111011111110111111111111111, sa_flags=SA_RESTART|SA_SIGINFO


---------------  S Y S T E M  ---------------

OS:Bsduname:Darwin 19.6.0 Darwin Kernel Version 19.6.0: Mon Aug 31 22:12:52 PDT 2020; root:xnu-6153.141.2~1/RELEASE_X86_64 x86_64
rlimit: STACK 8192k, CORE 0k, NPROC 2784, NOFILE 10240, AS infinity
load average:2.38 2.77 2.80

CPU:total 16 (initial active 16) (8 cores per cpu, 2 threads per core) family 6 model 158 stepping 13, cmov, cx8, fxsr, mmx, sse, sse2, sse3, ssse3, sse4.1, sse4.2, popcnt, avx, avx2, aes, clmul, erms, 3dnowpref, lzcnt, ht, tsc, tscinvbit, bmi1, bmi2, adx

Memory: 4k page, physical 16777216k(356896k free)

/proc/meminfo:


vm_info: Java HotSpot(TM) 64-Bit Server VM (25.251-b08) for bsd-amd64 JRE (1.8.0_251-b08), built on Mar 12 2020 02:36:37 by "java_re" with gcc 4.2.1 (Based on Apple Inc. build 5658) (LLVM build 2336.11.00)

time: Wed Nov  4 22:53:10 2020
timezone: IST
elapsed time: 1084 seconds (0d 0h 18m 4s)

